Log file open, 04/07/22 00:57:05
LogWindows: Failed to load 'aqProf.dll' (GetLastError=126)
LogWindows: File 'aqProf.dll' does not exist
LogWindows: Failed to load 'VtuneApi.dll' (GetLastError=126)
LogWindows: File 'VtuneApi.dll' does not exist
LogWindows: Failed to load 'VtuneApi32e.dll' (GetLastError=126)
LogWindows: File 'VtuneApi32e.dll' does not exist
LogConsoleResponse: Display: Failed to find resolution value strings in scalability ini. Falling back to default.
LogInit: Display: Running engine for game: FlameRPG
LogPlatformFile: Not using cached read wrapper
LogTaskGraph: Started task graph with 5 named threads and 35 total threads with 3 sets of task threads.
LogStats: Stats thread started at 0.050481
LogD3D11RHI: Loaded GFSDK_Aftermath_Lib.x64.dll
LogICUInternationalization: ICU TimeZone Detection - Raw Offset: +1:00, Platform Override: ''
LogPluginManager: Mounting plugin Paper2D
LogPluginManager: Mounting plugin AISupport
LogPluginManager: Mounting plugin LightPropagationVolume
LogPluginManager: Mounting plugin ActorLayerUtilities
LogPluginManager: Mounting plugin AnimationSharing
LogPluginManager: Mounting plugin CLionSourceCodeAccess
LogPluginManager: Mounting plugin CodeLiteSourceCodeAccess
LogPluginManager: Mounting plugin GitSourceControl
LogPluginManager: Mounting plugin KDevelopSourceCodeAccess
LogPluginManager: Mounting plugin NullSourceCodeAccess
LogPluginManager: Mounting plugin PerforceSourceControl
LogPluginManager: Mounting plugin SubversionSourceControl
LogPluginManager: Mounting plugin UObjectPlugin
LogPluginManager: Mounting plugin VisualStudioCodeSourceCodeAccess
LogPluginManager: Mounting plugin VisualStudioSourceCodeAccess
LogPluginManager: Mounting plugin XCodeSourceCodeAccess
LogPluginManager: Mounting plugin AssetManagerEditor
LogPluginManager: Mounting plugin CryptoKeys
LogPluginManager: Mounting plugin CurveEditorTools
LogPluginManager: Mounting plugin DataValidation
LogPluginManager: Mounting plugin FacialAnimation
LogPluginManager: Mounting plugin GameplayTagsEditor
LogPluginManager: Mounting plugin MacGraphicsSwitching
LogPluginManager: Mounting plugin MaterialAnalyzer
LogPluginManager: Mounting plugin MobileLauncherProfileWizard
LogPluginManager: Mounting plugin PluginBrowser
LogPluginManager: Mounting plugin SpeedTreeImporter
LogPluginManager: Mounting plugin DatasmithContent
LogPluginManager: Mounting plugin VariantManagerContent
LogPluginManager: Mounting plugin AlembicImporter
LogPluginManager: Mounting plugin AutomationUtils
LogPluginManager: Mounting plugin BackChannel
LogPluginManager: Mounting plugin CharacterAI
LogPluginManager: Mounting plugin GeometryCache
LogPluginManager: Mounting plugin HTML5Networking
LogPluginManager: Mounting plugin PlatformCrypto
LogPluginManager: Mounting plugin ProxyLODPlugin
LogPluginManager: Mounting plugin SkeletalReduction
LogPluginManager: Mounting plugin MagicLeap
LogPluginManager: Mounting plugin MagicLeapMedia
LogPluginManager: Mounting plugin AndroidMedia
LogPluginManager: Mounting plugin AvfMedia
LogPluginManager: Mounting plugin ImgMedia
LogPluginManager: Mounting plugin MediaCompositing
LogPluginManager: Mounting plugin MediaPlayerEditor
LogPluginManager: Mounting plugin WebMMedia
LogPluginManager: Mounting plugin WmfMedia
LogPluginManager: Mounting plugin TcpMessaging
LogPluginManager: Mounting plugin UdpMessaging
LogPluginManager: Mounting plugin ActorSequence
LogPluginManager: Mounting plugin LevelSequenceEditor
LogPluginManager: Mounting plugin MatineeToLevelSequence
LogPluginManager: Mounting plugin NetcodeUnitTest
LogPluginManager: Mounting plugin NUTUnrealEngine4
LogPluginManager: Mounting plugin OnlineSubsystemGooglePlay
LogPluginManager: Mounting plugin OnlineSubsystemIOS
LogPluginManager: Mounting plugin OnlineSubsystem
LogPluginManager: Mounting plugin OnlineSubsystemNull
LogPluginManager: Mounting plugin OnlineSubsystemUtils
LogPluginManager: Mounting plugin LauncherChunkInstaller
LogPluginManager: Mounting plugin AndroidDeviceProfileSelector
LogPluginManager: Mounting plugin AndroidMoviePlayer
LogPluginManager: Mounting plugin AndroidPermission
LogPluginManager: Mounting plugin AppleImageUtils
LogPluginManager: Mounting plugin AppleMoviePlayer
LogPluginManager: Mounting plugin ArchVisCharacter
LogPluginManager: Mounting plugin AudioCapture
LogPluginManager: Mounting plugin CableComponent
LogPluginManager: Mounting plugin CustomMeshComponent
LogPluginManager: Mounting plugin EditableMesh
LogPluginManager: Mounting plugin ExampleDeviceProfileSelector
LogPluginManager: Mounting plugin GoogleCloudMessaging
LogPluginManager: Mounting plugin IOSDeviceProfileSelector
LogPluginManager: Mounting plugin LinuxDeviceProfileSelector
LogPluginManager: Mounting plugin LocationServicesBPLibrary
LogPluginManager: Mounting plugin MobilePatchingUtils
LogPluginManager: Mounting plugin OculusVR
LogPluginManager: Mounting plugin PhysXVehicles
LogPluginManager: Mounting plugin ProceduralMeshComponent
LogPluginManager: Mounting plugin RuntimePhysXCooking
LogPluginManager: Mounting plugin SignificanceManager
LogPluginManager: Mounting plugin SteamVR
LogPluginManager: Mounting plugin WebMMoviePlayer
LogPluginManager: Mounting plugin WindowsMoviePlayer
LogPluginManager: Mounting plugin ScreenshotTools
LogPluginManager: Mounting plugin RiderLink
LogInit: Using libcurl 7.55.1-DEV
LogInit:  - built for x86_64-pc-win32
LogInit:  - supports SSL with OpenSSL/1.1.1
LogInit:  - supports HTTP deflate (compression) using libz 1.2.8
LogInit:  - other features:
LogInit:      CURL_VERSION_SSL
LogInit:      CURL_VERSION_LIBZ
LogInit:      CURL_VERSION_IPV6
LogInit:      CURL_VERSION_ASYNCHDNS
LogInit:      CURL_VERSION_LARGEFILE
LogInit:      CURL_VERSION_IDN
LogInit:  CurlRequestOptions (configurable via config and command line):
LogInit:  - bVerifyPeer = true  - Libcurl will verify peer certificate
LogInit:  - bUseHttpProxy = false  - Libcurl will NOT use HTTP proxy
LogInit:  - bDontReuseConnections = false  - Libcurl will reuse connections
LogInit:  - MaxHostConnections = 16  - Libcurl will limit the number of connections to a host
LogInit:  - LocalHostAddr = Default
LogInit:  - BufferSize = 65536
LogOnline: OSS: Creating online subsystem instance for: NULL
LogInit: WinSock: version 1.1 (2.2), MaxSocks=32767, MaxUdp=65467
LogInit: Build: ++UE4+Release-4.23-CL-9631420
LogInit: Engine Version: 4.23.1-9631420+++UE4+Release-4.23
LogInit: Compatible Engine Version: 4.23.0-8386587+++UE4+Release-4.23
LogInit: Net CL: 8386587
LogInit: OS: Windows 10 (Release 2009) (), CPU: AMD Ryzen 5 5600X 6-Core Processor             , GPU: NVIDIA GeForce RTX 3060
LogInit: Compiled (64-bit): Oct 18 2019 02:07:44
LogInit: Compiled with Visual C++: 19.16.27030.01
LogInit: Build Configuration: Development
LogInit: Branch Name: ++UE4+Release-4.23
LogInit: Command Line: 
LogInit: Base Directory: C:/Program Files/Epic Games/UE_4.23/Engine/Binaries/Win64/
LogInit: Installed Engine Build: 1
LogDevObjectVersion: Number of dev versions registered: 23
LogDevObjectVersion:   Dev-Blueprints (B0D832E4-1F89-4F0D-ACCF-7EB736FD4AA2): 10
LogDevObjectVersion:   Dev-Build (E1C64328-A22C-4D53-A36C-8E866417BD8C): 0
LogDevObjectVersion:   Dev-Core (375EC13C-06E4-48FB-B500-84F0262A717E): 3
LogDevObjectVersion:   Dev-Editor (E4B068ED-F494-42E9-A231-DA0B2E46BB41): 34
LogDevObjectVersion:   Dev-Framework (CFFC743F-43B0-4480-9391-14DF171D2073): 35
LogDevObjectVersion:   Dev-Mobile (B02B49B5-BB20-44E9-A304-32B752E40360): 2
LogDevObjectVersion:   Dev-Networking (A4E4105C-59A1-49B5-A7C5-40C4547EDFEE): 0
LogDevObjectVersion:   Dev-Online (39C831C9-5AE6-47DC-9A44-9C173E1C8E7C): 0
LogDevObjectVersion:   Dev-Physics (78F01B33-EBEA-4F98-B9B4-84EACCB95AA2): 0
LogDevObjectVersion:   Dev-Platform (6631380F-2D4D-43E0-8009-CF276956A95A): 0
LogDevObjectVersion:   Dev-Rendering (12F88B9F-8875-4AFC-A67C-D90C383ABD29): 31
LogDevObjectVersion:   Dev-Sequencer (7B5AE74C-D270-4C10-A958-57980B212A5A): 11
LogDevObjectVersion:   Dev-VR (D7296918-1DD6-4BDD-9DE2-64A83CC13884): 2
LogDevObjectVersion:   Dev-LoadTimes (C2A15278-BFE7-4AFE-6C17-90FF531DF755): 1
LogDevObjectVersion:   Private-Geometry (6EACA3D4-40EC-4CC1-B786-8BED09428FC5): 3
LogDevObjectVersion:   Dev-AnimPhys (29E575DD-E0A3-4627-9D10-D276232CDCEA): 17
LogDevObjectVersion:   Dev-Anim (AF43A65D-7FD3-4947-9873-3E8ED9C1BB05): 2
LogDevObjectVersion:   Dev-ReflectionCapture (6B266CEC-1EC7-4B8F-A30B-E4D90942FC07): 1
LogDevObjectVersion:   Dev-Automation (0DF73D61-A23F-47EA-B727-89E90C41499A): 1
LogDevObjectVersion:   FortniteMain (601D1886-AC64-4F84-AA16-D3DE0DEAC7D6): 27
LogDevObjectVersion:   Dev-Enterprise (9DFFBCD6-494F-0158-E221-12823C92A888): 6
LogDevObjectVersion:   Dev-Niagara (F2AED0AC-9AFE-416F-8664-AA7FFA26D6FC): 1
LogDevObjectVersion:   Dev-Destruction (174F1F0B-B4C6-45A5-B13F-2EE8D0FB917D): 9
LogInit: Presizing for max 16777216 objects, including 0 objects not considered by GC, pre-allocating 0 bytes for permanent pool.
LogInit: Object subsystem initialized
LogConfig: Setting CVar [[con.DebugEarlyDefault:1]]
LogConfig: Setting CVar [[r.setres:1280x720]]
[2022.04.06-22.57.05:794][  0]LogConfig: Setting CVar [[r.VSync:0]]
[2022.04.06-22.57.05:795][  0]LogConfig: Setting CVar [[r.RHICmdBypass:0]]
[2022.04.06-22.57.05:795][  0]LogConfig: Applying CVar settings from Section [/Script/Engine.RendererSettings] File [D:/Gamedev/UE Projects/UE5_001/UE5_FLAME/FlameRPG/Saved/Config/Windows/Engine.ini]
[2022.04.06-22.57.05:795][  0]LogConfig: Setting CVar [[r.GPUCrashDebugging:0]]
[2022.04.06-22.57.05:795][  0]LogConfig: Applying CVar settings from Section [/Script/Engine.RendererOverrideSettings] File [D:/Gamedev/UE Projects/UE5_001/UE5_FLAME/FlameRPG/Saved/Config/Windows/Engine.ini]
[2022.04.06-22.57.05:795][  0]LogConfig: Applying CVar settings from Section [/Script/Engine.StreamingSettings] File [D:/Gamedev/UE Projects/UE5_001/UE5_FLAME/FlameRPG/Saved/Config/Windows/Engine.ini]
[2022.04.06-22.57.05:795][  0]LogConfig: Setting CVar [[s.MinBulkDataSizeForAsyncLoading:131072]]
[2022.04.06-22.57.05:795][  0]LogConfig: Setting CVar [[s.AsyncLoadingThreadEnabled:0]]
[2022.04.06-22.57.05:795][  0]LogConfig: Setting CVar [[s.EventDrivenLoaderEnabled:1]]
[2022.04.06-22.57.05:795][  0]LogConfig: Setting CVar [[s.WarnIfTimeLimitExceeded:0]]
[2022.04.06-22.57.05:795][  0]LogConfig: Setting CVar [[s.TimeLimitExceededMultiplier:1.5]]
[2022.04.06-22.57.05:795][  0]LogConfig: Setting CVar [[s.TimeLimitExceededMinTime:0.005]]
[2022.04.06-22.57.05:795][  0]LogConfig: Setting CVar [[s.UseBackgroundLevelStreaming:1]]
[2022.04.06-22.57.05:795][  0]LogConfig: Setting CVar [[s.PriorityAsyncLoadingExtraTime:15.0]]
[2022.04.06-22.57.05:795][  0]LogConfig: Setting CVar [[s.LevelStreamingActorsUpdateTimeLimit:5.0]]
[2022.04.06-22.57.05:795][  0]LogConfig: Setting CVar [[s.PriorityLevelStreamingActorsUpdateExtraTime:5.0]]
[2022.04.06-22.57.05:795][  0]LogConfig: Setting CVar [[s.LevelStreamingComponentsRegistrationGranularity:10]]
[2022.04.06-22.57.05:795][  0]LogConfig: Setting CVar [[s.UnregisterComponentsTimeLimit:1.0]]
[2022.04.06-22.57.05:795][  0]LogConfig: Setting CVar [[s.LevelStreamingComponentsUnregistrationGranularity:5]]
[2022.04.06-22.57.05:795][  0]LogConfig: Applying CVar settings from Section [/Script/Engine.GarbageCollectionSettings] File [D:/Gamedev/UE Projects/UE5_001/UE5_FLAME/FlameRPG/Saved/Config/Windows/Engine.ini]
[2022.04.06-22.57.05:795][  0]LogConfig: Setting CVar [[gc.MaxObjectsNotConsideredByGC:1]]
[2022.04.06-22.57.05:795][  0]LogConfig: Setting CVar [[gc.SizeOfPermanentObjectPool:0]]
[2022.04.06-22.57.05:795][  0]LogConfig: Setting CVar [[gc.FlushStreamingOnGC:0]]
[2022.04.06-22.57.05:795][  0]LogConfig: Setting CVar [[gc.NumRetriesBeforeForcingGC:10]]
[2022.04.06-22.57.05:795][  0]LogConfig: Setting CVar [[gc.AllowParallelGC:1]]
[2022.04.06-22.57.05:795][  0]LogConfig: Setting CVar [[gc.TimeBetweenPurgingPendingKillObjects:61.1]]
[2022.04.06-22.57.05:795][  0]LogConfig: Setting CVar [[gc.MaxObjectsInEditor:16777216]]
[2022.04.06-22.57.05:795][  0]LogConfig: Setting CVar [[gc.IncrementalBeginDestroyEnabled:1]]
[2022.04.06-22.57.05:795][  0]LogConfig: Setting CVar [[gc.CreateGCClusters:1]]
[2022.04.06-22.57.05:795][  0]LogConfig: Setting CVar [[gc.MinGCClusterSize:5]]
[2022.04.06-22.57.05:795][  0]LogConfig: Setting CVar [[gc.ActorClusteringEnabled:0]]
[2022.04.06-22.57.05:795][  0]LogConfig: Setting CVar [[gc.BlueprintClusteringEnabled:0]]
[2022.04.06-22.57.05:795][  0]LogConfig: Setting CVar [[gc.UseDisregardForGCOnDedicatedServers:0]]
[2022.04.06-22.57.05:795][  0]LogConfig: Applying CVar settings from Section [/Script/Engine.NetworkSettings] File [D:/Gamedev/UE Projects/UE5_001/UE5_FLAME/FlameRPG/Saved/Config/Windows/Engine.ini]
[2022.04.06-22.57.05:795][  0]LogConfig: Applying CVar settings from Section [/Script/UnrealEd.CookerSettings] File [D:/Gamedev/UE Projects/UE5_001/UE5_FLAME/FlameRPG/Saved/Config/Windows/Engine.ini]
[2022.04.06-22.57.05:797][  0]LogConfig: Applying CVar settings from Section [ViewDistanceQuality@3] File [D:/Gamedev/UE Projects/UE5_001/UE5_FLAME/FlameRPG/Saved/Config/Windows/Scalability.ini]
[2022.04.06-22.57.05:797][  0]LogConfig: Setting CVar [[r.SkeletalMeshLODBias:0]]
[2022.04.06-22.57.05:797][  0]LogConfig: Setting CVar [[r.ViewDistanceScale:1.0]]
[2022.04.06-22.57.05:797][  0]LogConfig: Applying CVar settings from Section [AntiAliasingQuality@3] File [D:/Gamedev/UE Projects/UE5_001/UE5_FLAME/FlameRPG/Saved/Config/Windows/Scalability.ini]
[2022.04.06-22.57.05:797][  0]LogConfig: Setting CVar [[r.PostProcessAAQuality:4]]
[2022.04.06-22.57.05:797][  0]LogConfig: Applying CVar settings from Section [ShadowQuality@3] File [D:/Gamedev/UE Projects/UE5_001/UE5_FLAME/FlameRPG/Saved/Config/Windows/Scalability.ini]
[2022.04.06-22.57.05:797][  0]LogConfig: Setting CVar [[r.LightFunctionQuality:1]]
[2022.04.06-22.57.05:797][  0]LogConfig: Setting CVar [[r.ShadowQuality:5]]
[2022.04.06-22.57.05:797][  0]LogConfig: Setting CVar [[r.Shadow.CSM.MaxCascades:10]]
[2022.04.06-22.57.05:797][  0]LogConfig: Setting CVar [[r.Shadow.MaxResolution:2048]]
[2022.04.06-22.57.05:797][  0]LogConfig: Setting CVar [[r.Shadow.MaxCSMResolution:2048]]
[2022.04.06-22.57.05:797][  0]LogConfig: Setting CVar [[r.Shadow.RadiusThreshold:0.01]]
[2022.04.06-22.57.05:797][  0]LogConfig: Setting CVar [[r.Shadow.DistanceScale:1.0]]
[2022.04.06-22.57.05:797][  0]LogConfig: Setting CVar [[r.Shadow.CSM.TransitionScale:1.0]]
[2022.04.06-22.57.05:797][  0]LogConfig: Setting CVar [[r.Shadow.PreShadowResolutionFactor:1.0]]
[2022.04.06-22.57.05:797][  0]LogConfig: Setting CVar [[r.DistanceFieldShadowing:1]]
[2022.04.06-22.57.05:797][  0]LogConfig: Setting CVar [[r.DistanceFieldAO:1]]
[2022.04.06-22.57.05:797][  0]LogConfig: Setting CVar [[r.AOQuality:2]]
[2022.04.06-22.57.05:797][  0]LogConfig: Setting CVar [[r.VolumetricFog:1]]
[2022.04.06-22.57.05:797][  0]LogConfig: Setting CVar [[r.VolumetricFog.GridPixelSize:8]]
[2022.04.06-22.57.05:797][  0]LogConfig: Setting CVar [[r.VolumetricFog.GridSizeZ:128]]
[2022.04.06-22.57.05:797][  0]LogConfig: Setting CVar [[r.VolumetricFog.HistoryMissSupersampleCount:4]]
[2022.04.06-22.57.05:797][  0]LogConfig: Setting CVar [[r.LightMaxDrawDistanceScale:1]]
[2022.04.06-22.57.05:798][  0]LogConfig: Setting CVar [[r.CapsuleShadows:1]]
[2022.04.06-22.57.05:798][  0]LogConfig: Applying CVar settings from Section [PostProcessQuality@3] File [D:/Gamedev/UE Projects/UE5_001/UE5_FLAME/FlameRPG/Saved/Config/Windows/Scalability.ini]
[2022.04.06-22.57.05:798][  0]LogConfig: Setting CVar [[r.MotionBlurQuality:4]]
[2022.04.06-22.57.05:798][  0]LogConfig: Setting CVar [[r.AmbientOcclusionMipLevelFactor:0.4]]
[2022.04.06-22.57.05:798][  0]LogConfig: Setting CVar [[r.AmbientOcclusionMaxQuality:100]]
[2022.04.06-22.57.05:798][  0]LogConfig: Setting CVar [[r.AmbientOcclusionLevels:-1]]
[2022.04.06-22.57.05:798][  0]LogConfig: Setting CVar [[r.AmbientOcclusionRadiusScale:1.0]]
[2022.04.06-22.57.05:798][  0]LogConfig: Setting CVar [[r.DepthOfFieldQuality:2]]
[2022.04.06-22.57.05:798][  0]LogConfig: Setting CVar [[r.RenderTargetPoolMin:400]]
[2022.04.06-22.57.05:798][  0]LogConfig: Setting CVar [[r.LensFlareQuality:2]]
[2022.04.06-22.57.05:798][  0]LogConfig: Setting CVar [[r.SceneColorFringeQuality:1]]
[2022.04.06-22.57.05:798][  0]LogConfig: Setting CVar [[r.EyeAdaptationQuality:2]]
[2022.04.06-22.57.05:798][  0]LogConfig: Setting CVar [[r.BloomQuality:5]]
[2022.04.06-22.57.05:798][  0]LogConfig: Setting CVar [[r.FastBlurThreshold:100]]
[2022.04.06-22.57.05:798][  0]LogConfig: Setting CVar [[r.Upscale.Quality:3]]
[2022.04.06-22.57.05:798][  0]LogConfig: Setting CVar [[r.Tonemapper.GrainQuantization:1]]
[2022.04.06-22.57.05:798][  0]LogConfig: Setting CVar [[r.LightShaftQuality:1]]
[2022.04.06-22.57.05:798][  0]LogConfig: Setting CVar [[r.Filter.SizeScale:1]]
[2022.04.06-22.57.05:798][  0]LogConfig: Setting CVar [[r.Tonemapper.Quality:5]]
[2022.04.06-22.57.05:798][  0]LogConfig: Setting CVar [[r.DOF.Gather.AccumulatorQuality:1        ; higher gathering accumulator quality]]
[2022.04.06-22.57.05:798][  0]LogConfig: Setting CVar [[r.DOF.Gather.PostfilterMethod:1          ; Median3x3 postfilering method]]
[2022.04.06-22.57.05:798][  0]LogConfig: Setting CVar [[r.DOF.Gather.EnableBokehSettings:0       ; no bokeh simulation when gathering]]
[2022.04.06-22.57.05:798][  0]LogConfig: Setting CVar [[r.DOF.Gather.RingCount:4                 ; medium number of samples when gathering]]
[2022.04.06-22.57.05:798][  0]LogConfig: Setting CVar [[r.DOF.Scatter.ForegroundCompositing:1    ; additive foreground scattering]]
[2022.04.06-22.57.05:798][  0]LogConfig: Setting CVar [[r.DOF.Scatter.BackgroundCompositing:2    ; additive background scattering]]
[2022.04.06-22.57.05:798][  0]LogConfig: Setting CVar [[r.DOF.Scatter.EnableBokehSettings:1      ; bokeh simulation when scattering]]
[2022.04.06-22.57.05:798][  0]LogConfig: Setting CVar [[r.DOF.Scatter.MaxSpriteRatio:0.1         ; only a maximum of 10% of scattered bokeh]]
[2022.04.06-22.57.05:798][  0]LogConfig: Setting CVar [[r.DOF.Recombine.Quality:1                ; cheap slight out of focus]]
[2022.04.06-22.57.05:798][  0]LogConfig: Setting CVar [[r.DOF.Recombine.EnableBokehSettings:0    ; no bokeh simulation on slight out of focus]]
[2022.04.06-22.57.05:798][  0]LogConfig: Setting CVar [[r.DOF.TemporalAAQuality:1                ; more stable temporal accumulation]]
[2022.04.06-22.57.05:798][  0]LogConfig: Setting CVar [[r.DOF.Kernel.MaxForegroundRadius:0.025]]
[2022.04.06-22.57.05:798][  0]LogConfig: Setting CVar [[r.DOF.Kernel.MaxBackgroundRadius:0.025]]
[2022.04.06-22.57.05:798][  0]LogConfig: Applying CVar settings from Section [TextureQuality@3] File [D:/Gamedev/UE Projects/UE5_001/UE5_FLAME/FlameRPG/Saved/Config/Windows/Scalability.ini]
[2022.04.06-22.57.05:798][  0]LogConfig: Setting CVar [[r.Streaming.MipBias:0]]
[2022.04.06-22.57.05:798][  0]LogConfig: Setting CVar [[r.Streaming.AmortizeCPUToGPUCopy:0]]
[2022.04.06-22.57.05:798][  0]LogConfig: Setting CVar [[r.Streaming.MaxNumTexturesToStreamPerFrame:0]]
[2022.04.06-22.57.05:798][  0]LogConfig: Setting CVar [[r.Streaming.Boost:1]]
[2022.04.06-22.57.05:798][  0]LogConfig: Setting CVar [[r.MaxAnisotropy:8]]
[2022.04.06-22.57.05:798][  0]LogConfig: Setting CVar [[r.Streaming.LimitPoolSizeToVRAM:0]]
[2022.04.06-22.57.05:798][  0]LogConfig: Setting CVar [[r.Streaming.PoolSize:1000]]
[2022.04.06-22.57.05:798][  0]LogConfig: Setting CVar [[r.Streaming.MaxEffectiveScreenSize:0]]
[2022.04.06-22.57.05:798][  0]LogConfig: Applying CVar settings from Section [EffectsQuality@3] File [D:/Gamedev/UE Projects/UE5_001/UE5_FLAME/FlameRPG/Saved/Config/Windows/Scalability.ini]
[2022.04.06-22.57.05:798][  0]LogConfig: Setting CVar [[r.TranslucencyLightingVolumeDim:64]]
[2022.04.06-22.57.05:798][  0]LogConfig: Setting CVar [[r.RefractionQuality:2]]
[2022.04.06-22.57.05:798][  0]LogConfig: Setting CVar [[r.SSR.Quality:3]]
[2022.04.06-22.57.05:798][  0]LogConfig: Setting CVar [[r.SceneColorFormat:4]]
[2022.04.06-22.57.05:798][  0]LogConfig: Setting CVar [[r.DetailMode:2]]
[2022.04.06-22.57.05:798][  0]LogConfig: Setting CVar [[r.TranslucencyVolumeBlur:1]]
[2022.04.06-22.57.05:798][  0]LogConfig: Setting CVar [[r.MaterialQualityLevel:1 ; High quality]]
[2022.04.06-22.57.05:798][  0]LogConfig: Setting CVar [[r.SSS.Scale:1]]
[2022.04.06-22.57.05:798][  0]LogConfig: Setting CVar [[r.SSS.SampleSet:2]]
[2022.04.06-22.57.05:798][  0]LogConfig: Setting CVar [[r.SSS.Quality:1]]
[2022.04.06-22.57.05:798][  0]LogConfig: Setting CVar [[r.SSS.HalfRes:1]]
[2022.04.06-22.57.05:798][  0]LogConfig: Setting CVar [[r.EmitterSpawnRateScale:1.0]]
[2022.04.06-22.57.05:798][  0]LogConfig: Setting CVar [[r.ParticleLightQuality:2]]
[2022.04.06-22.57.05:798][  0]LogConfig: Applying CVar settings from Section [FoliageQuality@3] File [D:/Gamedev/UE Projects/UE5_001/UE5_FLAME/FlameRPG/Saved/Config/Windows/Scalability.ini]
[2022.04.06-22.57.05:798][  0]LogConfig: Setting CVar [[foliage.DensityScale:1.0]]
[2022.04.06-22.57.05:798][  0]LogConfig: Setting CVar [[grass.DensityScale:1.0]]
[2022.04.06-22.57.05:798][  0]LogInit: Selected Device Profile: [Windows]
[2022.04.06-22.57.05:798][  0]LogInit: Applying CVar settings loaded from the selected device profile: [Windows]
[2022.04.06-22.57.05:800][  0]LogHAL: Display: Platform has ~ 32 GB [34301116416 / 34359738368 / 32], which maps to Largest [LargestMinGB=32, LargerMinGB=12, DefaultMinGB=8, SmallerMinGB=6, SmallestMinGB=0)
[2022.04.06-22.57.05:800][  0]LogInit: Going up to parent DeviceProfile []
[2022.04.06-22.57.05:800][  0]LogConfig: Applying CVar settings from Section [ViewDistanceQuality@3] File [D:/Gamedev/UE Projects/UE5_001/UE5_FLAME/FlameRPG/Saved/Config/Windows/Scalability.ini]
[2022.04.06-22.57.05:800][  0]LogConfig: Setting CVar [[r.SkeletalMeshLODBias:0]]
[2022.04.06-22.57.05:800][  0]LogConfig: Setting CVar [[r.ViewDistanceScale:1.0]]
[2022.04.06-22.57.05:800][  0]LogConfig: Applying CVar settings from Section [AntiAliasingQuality@3] File [D:/Gamedev/UE Projects/UE5_001/UE5_FLAME/FlameRPG/Saved/Config/Windows/Scalability.ini]
[2022.04.06-22.57.05:800][  0]LogConfig: Setting CVar [[r.PostProcessAAQuality:4]]
[2022.04.06-22.57.05:800][  0]LogConfig: Applying CVar settings from Section [ShadowQuality@3] File [D:/Gamedev/UE Projects/UE5_001/UE5_FLAME/FlameRPG/Saved/Config/Windows/Scalability.ini]
[2022.04.06-22.57.05:800][  0]LogConfig: Setting CVar [[r.LightFunctionQuality:1]]
[2022.04.06-22.57.05:800][  0]LogConfig: Setting CVar [[r.ShadowQuality:5]]
[2022.04.06-22.57.05:800][  0]LogConfig: Setting CVar [[r.Shadow.CSM.MaxCascades:10]]
[2022.04.06-22.57.05:800][  0]LogConfig: Setting CVar [[r.Shadow.MaxResolution:2048]]
[2022.04.06-22.57.05:800][  0]LogConfig: Setting CVar [[r.Shadow.MaxCSMResolution:2048]]
[2022.04.06-22.57.05:800][  0]LogConfig: Setting CVar [[r.Shadow.RadiusThreshold:0.01]]
[2022.04.06-22.57.05:800][  0]LogConfig: Setting CVar [[r.Shadow.DistanceScale:1.0]]
[2022.04.06-22.57.05:800][  0]LogConfig: Setting CVar [[r.Shadow.CSM.TransitionScale:1.0]]
[2022.04.06-22.57.05:801][  0]LogConfig: Setting CVar [[r.Shadow.PreShadowResolutionFactor:1.0]]
[2022.04.06-22.57.05:801][  0]LogConfig: Setting CVar [[r.DistanceFieldShadowing:1]]
[2022.04.06-22.57.05:801][  0]LogConfig: Setting CVar [[r.DistanceFieldAO:1]]
[2022.04.06-22.57.05:801][  0]LogConfig: Setting CVar [[r.AOQuality:2]]
[2022.04.06-22.57.05:801][  0]LogConfig: Setting CVar [[r.VolumetricFog:1]]
[2022.04.06-22.57.05:801][  0]LogConfig: Setting CVar [[r.VolumetricFog.GridPixelSize:8]]
[2022.04.06-22.57.05:801][  0]LogConfig: Setting CVar [[r.VolumetricFog.GridSizeZ:128]]
[2022.04.06-22.57.05:801][  0]LogConfig: Setting CVar [[r.VolumetricFog.HistoryMissSupersampleCount:4]]
[2022.04.06-22.57.05:801][  0]LogConfig: Setting CVar [[r.LightMaxDrawDistanceScale:1]]
[2022.04.06-22.57.05:801][  0]LogConfig: Setting CVar [[r.CapsuleShadows:1]]
[2022.04.06-22.57.05:801][  0]LogConfig: Applying CVar settings from Section [PostProcessQuality@3] File [D:/Gamedev/UE Projects/UE5_001/UE5_FLAME/FlameRPG/Saved/Config/Windows/Scalability.ini]
[2022.04.06-22.57.05:801][  0]LogConfig: Setting CVar [[r.MotionBlurQuality:4]]
[2022.04.06-22.57.05:801][  0]LogConfig: Setting CVar [[r.AmbientOcclusionMipLevelFactor:0.4]]
[2022.04.06-22.57.05:801][  0]LogConfig: Setting CVar [[r.AmbientOcclusionMaxQuality:100]]
[2022.04.06-22.57.05:801][  0]LogConfig: Setting CVar [[r.AmbientOcclusionLevels:-1]]
[2022.04.06-22.57.05:801][  0]LogConfig: Setting CVar [[r.AmbientOcclusionRadiusScale:1.0]]
[2022.04.06-22.57.05:801][  0]LogConfig: Setting CVar [[r.DepthOfFieldQuality:2]]
[2022.04.06-22.57.05:801][  0]LogConfig: Setting CVar [[r.RenderTargetPoolMin:400]]
[2022.04.06-22.57.05:801][  0]LogConfig: Setting CVar [[r.LensFlareQuality:2]]
[2022.04.06-22.57.05:801][  0]LogConfig: Setting CVar [[r.SceneColorFringeQuality:1]]
[2022.04.06-22.57.05:801][  0]LogConfig: Setting CVar [[r.EyeAdaptationQuality:2]]
[2022.04.06-22.57.05:801][  0]LogConfig: Setting CVar [[r.BloomQuality:5]]
[2022.04.06-22.57.05:801][  0]LogConfig: Setting CVar [[r.FastBlurThreshold:100]]
[2022.04.06-22.57.05:801][  0]LogConfig: Setting CVar [[r.Upscale.Quality:3]]
[2022.04.06-22.57.05:801][  0]LogConfig: Setting CVar [[r.Tonemapper.GrainQuantization:1]]
[2022.04.06-22.57.05:801][  0]LogConfig: Setting CVar [[r.LightShaftQuality:1]]
[2022.04.06-22.57.05:801][  0]LogConfig: Setting CVar [[r.Filter.SizeScale:1]]
[2022.04.06-22.57.05:801][  0]LogConfig: Setting CVar [[r.Tonemapper.Quality:5]]
[2022.04.06-22.57.05:801][  0]LogConfig: Setting CVar [[r.DOF.Gather.AccumulatorQuality:1        ; higher gathering accumulator quality]]
[2022.04.06-22.57.05:801][  0]LogConfig: Setting CVar [[r.DOF.Gather.PostfilterMethod:1          ; Median3x3 postfilering method]]
[2022.04.06-22.57.05:801][  0]LogConfig: Setting CVar [[r.DOF.Gather.EnableBokehSettings:0       ; no bokeh simulation when gathering]]
[2022.04.06-22.57.05:801][  0]LogConfig: Setting CVar [[r.DOF.Gather.RingCount:4                 ; medium number of samples when gathering]]
[2022.04.06-22.57.05:801][  0]LogConfig: Setting CVar [[r.DOF.Scatter.ForegroundCompositing:1    ; additive foreground scattering]]
[2022.04.06-22.57.05:801][  0]LogConfig: Setting CVar [[r.DOF.Scatter.BackgroundCompositing:2    ; additive background scattering]]
[2022.04.06-22.57.05:801][  0]LogConfig: Setting CVar [[r.DOF.Scatter.EnableBokehSettings:1      ; bokeh simulation when scattering]]
[2022.04.06-22.57.05:801][  0]LogConfig: Setting CVar [[r.DOF.Scatter.MaxSpriteRatio:0.1         ; only a maximum of 10% of scattered bokeh]]
[2022.04.06-22.57.05:801][  0]LogConfig: Setting CVar [[r.DOF.Recombine.Quality:1                ; cheap slight out of focus]]
[2022.04.06-22.57.05:801][  0]LogConfig: Setting CVar [[r.DOF.Recombine.EnableBokehSettings:0    ; no bokeh simulation on slight out of focus]]
[2022.04.06-22.57.05:801][  0]LogConfig: Setting CVar [[r.DOF.TemporalAAQuality:1                ; more stable temporal accumulation]]
[2022.04.06-22.57.05:801][  0]LogConfig: Setting CVar [[r.DOF.Kernel.MaxForegroundRadius:0.025]]
[2022.04.06-22.57.05:801][  0]LogConfig: Setting CVar [[r.DOF.Kernel.MaxBackgroundRadius:0.025]]
[2022.04.06-22.57.05:801][  0]LogConfig: Applying CVar settings from Section [TextureQuality@3] File [D:/Gamedev/UE Projects/UE5_001/UE5_FLAME/FlameRPG/Saved/Config/Windows/Scalability.ini]
[2022.04.06-22.57.05:801][  0]LogConfig: Setting CVar [[r.Streaming.MipBias:0]]
[2022.04.06-22.57.05:801][  0]LogConfig: Setting CVar [[r.Streaming.AmortizeCPUToGPUCopy:0]]
[2022.04.06-22.57.05:801][  0]LogConfig: Setting CVar [[r.Streaming.MaxNumTexturesToStreamPerFrame:0]]
[2022.04.06-22.57.05:801][  0]LogConfig: Setting CVar [[r.Streaming.Boost:1]]
[2022.04.06-22.57.05:801][  0]LogConfig: Setting CVar [[r.MaxAnisotropy:8]]
[2022.04.06-22.57.05:801][  0]LogConfig: Setting CVar [[r.Streaming.LimitPoolSizeToVRAM:0]]
[2022.04.06-22.57.05:801][  0]LogConfig: Setting CVar [[r.Streaming.PoolSize:1000]]
[2022.04.06-22.57.05:801][  0]LogConfig: Setting CVar [[r.Streaming.MaxEffectiveScreenSize:0]]
[2022.04.06-22.57.05:801][  0]LogConfig: Applying CVar settings from Section [EffectsQuality@3] File [D:/Gamedev/UE Projects/UE5_001/UE5_FLAME/FlameRPG/Saved/Config/Windows/Scalability.ini]
[2022.04.06-22.57.05:801][  0]LogConfig: Setting CVar [[r.TranslucencyLightingVolumeDim:64]]
[2022.04.06-22.57.05:801][  0]LogConfig: Setting CVar [[r.RefractionQuality:2]]
[2022.04.06-22.57.05:801][  0]LogConfig: Setting CVar [[r.SSR.Quality:3]]
[2022.04.06-22.57.05:801][  0]LogConfig: Setting CVar [[r.SceneColorFormat:4]]
[2022.04.06-22.57.05:801][  0]LogConfig: Setting CVar [[r.DetailMode:2]]
[2022.04.06-22.57.05:801][  0]LogConfig: Setting CVar [[r.TranslucencyVolumeBlur:1]]
[2022.04.06-22.57.05:801][  0]LogConfig: Setting CVar [[r.MaterialQualityLevel:1 ; High quality]]
[2022.04.06-22.57.05:801][  0]LogConfig: Setting CVar [[r.SSS.Scale:1]]
[2022.04.06-22.57.05:801][  0]LogConfig: Setting CVar [[r.SSS.SampleSet:2]]
[2022.04.06-22.57.05:801][  0]LogConfig: Setting CVar [[r.SSS.Quality:1]]
[2022.04.06-22.57.05:801][  0]LogConfig: Setting CVar [[r.SSS.HalfRes:1]]
[2022.04.06-22.57.05:801][  0]LogConfig: Setting CVar [[r.EmitterSpawnRateScale:1.0]]
[2022.04.06-22.57.05:801][  0]LogConfig: Setting CVar [[r.ParticleLightQuality:2]]
[2022.04.06-22.57.05:801][  0]LogConfig: Applying CVar settings from Section [FoliageQuality@3] File [D:/Gamedev/UE Projects/UE5_001/UE5_FLAME/FlameRPG/Saved/Config/Windows/Scalability.ini]
[2022.04.06-22.57.05:801][  0]LogConfig: Setting CVar [[foliage.DensityScale:1.0]]
[2022.04.06-22.57.05:801][  0]LogConfig: Setting CVar [[grass.DensityScale:1.0]]
[2022.04.06-22.57.05:801][  0]LogConfig: Applying CVar settings from Section [Startup] File [../../../Engine/Config/ConsoleVariables.ini]
[2022.04.06-22.57.05:801][  0]LogConfig: Setting CVar [[net.UseAdaptiveNetUpdateFrequency:0]]
[2022.04.06-22.57.05:801][  0]LogConfig: Setting CVar [[p.chaos.AllowCreatePhysxBodies:1]]
[2022.04.06-22.57.05:801][  0]LogConfig: Applying CVar settings from Section [ConsoleVariables] File [D:/Gamedev/UE Projects/UE5_001/UE5_FLAME/FlameRPG/Saved/Config/Windows/Engine.ini]
[2022.04.06-22.57.05:801][  0]LogInit: Computer: DESKTOP-1AH91GT
[2022.04.06-22.57.05:801][  0]LogInit: User: kamil
[2022.04.06-22.57.05:801][  0]LogInit: CPU Page size=4096, Cores=6
[2022.04.06-22.57.05:801][  0]LogInit: High frequency timer resolution =10.000000 MHz
[2022.04.06-22.57.05:801][  0]LogMemory: Memory total: Physical=31.9GB (32GB approx)
[2022.04.06-22.57.05:801][  0]LogMemory: Platform Memory Stats for Windows
[2022.04.06-22.57.05:802][  0]LogMemory: Process Physical Memory: 102.52 MB used, 102.52 MB peak
[2022.04.06-22.57.05:802][  0]LogMemory: Process Virtual Memory: 101.91 MB used, 101.91 MB peak
[2022.04.06-22.57.05:802][  0]LogMemory: Physical Memory: 12422.09 MB used,  20290.00 MB free, 32712.09 MB total
[2022.04.06-22.57.05:802][  0]LogMemory: Virtual Memory: 4688.69 MB used,  134213040.00 MB free, 134217728.00 MB total
[2022.04.06-22.57.05:803][  0]LogWindows: WindowsPlatformFeatures enabled
[2022.04.06-22.57.05:828][  0]LogInit: Using OS detected language (en-GB).
[2022.04.06-22.57.05:828][  0]LogInit: Using OS detected locale (en-GB).
[2022.04.06-22.57.05:829][  0]LogTextLocalizationManager: No specific localization for 'en-GB' exists, so the 'en' localization will be used.
[2022.04.06-22.57.05:932][  0]LogInit: Setting process to per monitor DPI aware
[2022.04.06-22.57.05:953][  0]LogSlate: New Slate User Created.  User Index 0, Is Virtual User: 0
[2022.04.06-22.57.05:953][  0]LogSlate: Slate User Registered.  User Index 0, Is Virtual User: 0
[2022.04.06-22.57.06:058][  0]LogHMD: Failed to initialize OpenVR with code 110
[2022.04.06-22.57.06:058][  0]LogD3D11RHI: D3D11 adapters:
[2022.04.06-22.57.06:132][  0]LogD3D11RHI:    0. 'NVIDIA GeForce RTX 3060' (Feature Level 11_0)
[2022.04.06-22.57.06:132][  0]LogD3D11RHI:       12142/0/16356 MB DedicatedVideo/DedicatedSystem/SharedSystem, Outputs:2, VendorId:0x10de
[2022.04.06-22.57.06:134][  0]LogD3D11RHI:    1. 'Microsoft Basic Render Driver' (Feature Level 11_0)
[2022.04.06-22.57.06:134][  0]LogD3D11RHI:       0/0/16356 MB DedicatedVideo/DedicatedSystem/SharedSystem, Outputs:0, VendorId:0x1414
[2022.04.06-22.57.06:134][  0]LogD3D11RHI: Chosen D3D11 Adapter: 0
[2022.04.06-22.57.06:142][  0]LogD3D11RHI: Creating new Direct3DDevice
[2022.04.06-22.57.06:143][  0]LogD3D11RHI:     GPU DeviceId: 0x2504 (for the marketing name, search the web for "GPU Device Id")
[2022.04.06-22.57.06:143][  0]LogWindows: EnumDisplayDevices:
[2022.04.06-22.57.06:143][  0]LogWindows:    0. 'NVIDIA GeForce RTX 3060' (P:1 D:1)
[2022.04.06-22.57.06:143][  0]LogWindows:    1. 'NVIDIA GeForce RTX 3060' (P:0 D:1)
[2022.04.06-22.57.06:143][  0]LogWindows:    2. 'NVIDIA GeForce RTX 3060' (P:0 D:0)
[2022.04.06-22.57.06:143][  0]LogWindows:    3. 'NVIDIA GeForce RTX 3060' (P:0 D:0)
[2022.04.06-22.57.06:143][  0]LogWindows: DebugString: FoundDriverCount:4 
[2022.04.06-22.57.06:143][  0]LogD3D11RHI:     Adapter Name: NVIDIA GeForce RTX 3060
[2022.04.06-22.57.06:143][  0]LogD3D11RHI:   Driver Version: 511.79 (internal:30.0.15.1179, unified:511.79)
[2022.04.06-22.57.06:143][  0]LogD3D11RHI:      Driver Date: 2-10-2022
[2022.04.06-22.57.06:143][  0]LogRHI: Texture pool is 8499 MB (70% of 12142 MB)
[2022.04.06-22.57.06:185][  0]LogD3D11RHI: Async texture creation enabled
[2022.04.06-22.57.06:195][  0]LogD3D11RHI: GPU Timing Frequency: 1000.000000 (Debug: 2 1)
[2022.04.06-22.57.06:388][  0]LogTemp: Display: Module 'AllDesktopTargetPlatform' loaded TargetPlatform 'AllDesktop'
[2022.04.06-22.57.06:395][  0]LogTemp: Display: Module 'MacClientTargetPlatform' loaded TargetPlatform 'MacClient'
[2022.04.06-22.57.06:401][  0]LogTemp: Display: Module 'MacNoEditorTargetPlatform' loaded TargetPlatform 'MacNoEditor'
[2022.04.06-22.57.06:407][  0]LogTemp: Display: Module 'MacServerTargetPlatform' loaded TargetPlatform 'MacServer'
[2022.04.06-22.57.06:413][  0]LogTemp: Display: Module 'MacTargetPlatform' loaded TargetPlatform 'Mac'
[2022.04.06-22.57.06:420][  0]LogTemp: Display: Module 'WindowsClientTargetPlatform' loaded TargetPlatform 'WindowsClient'
[2022.04.06-22.57.06:426][  0]LogTemp: Display: Module 'WindowsNoEditorTargetPlatform' loaded TargetPlatform 'WindowsNoEditor'
[2022.04.06-22.57.06:432][  0]LogTemp: Display: Module 'WindowsServerTargetPlatform' loaded TargetPlatform 'WindowsServer'
[2022.04.06-22.57.06:435][  0]LogTemp: Display: Module 'WindowsTargetPlatform' loaded TargetPlatform 'Windows'
[2022.04.06-22.57.06:458][  0]LogTemp: Display: Module 'AndroidTargetPlatform' loaded TargetPlatform 'Android'
[2022.04.06-22.57.06:458][  0]LogTemp: Display: Module 'AndroidTargetPlatform' loaded TargetPlatform 'Android_ASTC'
[2022.04.06-22.57.06:458][  0]LogTemp: Display: Module 'AndroidTargetPlatform' loaded TargetPlatform 'Android_ATC'
[2022.04.06-22.57.06:458][  0]LogTemp: Display: Module 'AndroidTargetPlatform' loaded TargetPlatform 'Android_DXT'
[2022.04.06-22.57.06:458][  0]LogTemp: Display: Module 'AndroidTargetPlatform' loaded TargetPlatform 'Android_ETC1'
[2022.04.06-22.57.06:458][  0]LogTemp: Display: Module 'AndroidTargetPlatform' loaded TargetPlatform 'Android_ETC1a'
[2022.04.06-22.57.06:458][  0]LogTemp: Display: Module 'AndroidTargetPlatform' loaded TargetPlatform 'Android_ETC2'
[2022.04.06-22.57.06:458][  0]LogTemp: Display: Module 'AndroidTargetPlatform' loaded TargetPlatform 'Android_PVRTC'
[2022.04.06-22.57.06:458][  0]LogTemp: Display: Module 'AndroidTargetPlatform' loaded TargetPlatform 'AndroidClient'
[2022.04.06-22.57.06:458][  0]LogTemp: Display: Module 'AndroidTargetPlatform' loaded TargetPlatform 'Android_ASTCClient'
[2022.04.06-22.57.06:458][  0]LogTemp: Display: Module 'AndroidTargetPlatform' loaded TargetPlatform 'Android_ATCClient'
[2022.04.06-22.57.06:458][  0]LogTemp: Display: Module 'AndroidTargetPlatform' loaded TargetPlatform 'Android_DXTClient'
[2022.04.06-22.57.06:458][  0]LogTemp: Display: Module 'AndroidTargetPlatform' loaded TargetPlatform 'Android_ETC1Client'
[2022.04.06-22.57.06:458][  0]LogTemp: Display: Module 'AndroidTargetPlatform' loaded TargetPlatform 'Android_ETC1aClient'
[2022.04.06-22.57.06:458][  0]LogTemp: Display: Module 'AndroidTargetPlatform' loaded TargetPlatform 'Android_ETC2Client'
[2022.04.06-22.57.06:458][  0]LogTemp: Display: Module 'AndroidTargetPlatform' loaded TargetPlatform 'Android_PVRTCClient'
[2022.04.06-22.57.06:458][  0]LogTemp: Display: Module 'AndroidTargetPlatform' loaded TargetPlatform 'Android_Multi'
[2022.04.06-22.57.06:458][  0]LogTemp: Display: Module 'AndroidTargetPlatform' loaded TargetPlatform 'Android_MultiClient'
[2022.04.06-22.57.06:459][  0]LogTemp: Display: Module 'HTML5TargetPlatform' loaded TargetPlatform 'HTML5'
[2022.04.06-22.57.06:473][  0]LogTemp: Display: Module 'IOSTargetPlatform' loaded TargetPlatform 'IOSClient'
[2022.04.06-22.57.06:473][  0]LogTemp: Display: Module 'IOSTargetPlatform' loaded TargetPlatform 'IOS'
[2022.04.06-22.57.06:483][  0]LogTemp: Display: Module 'TVOSTargetPlatform' loaded TargetPlatform 'TVOSClient'
[2022.04.06-22.57.06:483][  0]LogTemp: Display: Module 'TVOSTargetPlatform' loaded TargetPlatform 'TVOS'
[2022.04.06-22.57.06:488][  0]LogTemp: Display: Module 'LinuxClientTargetPlatform' loaded TargetPlatform 'LinuxClient'
[2022.04.06-22.57.06:493][  0]LogTemp: Display: Module 'LinuxNoEditorTargetPlatform' loaded TargetPlatform 'LinuxNoEditor'
[2022.04.06-22.57.06:499][  0]LogTemp: Display: Module 'LinuxServerTargetPlatform' loaded TargetPlatform 'LinuxServer'
[2022.04.06-22.57.06:505][  0]LogTemp: Display: Module 'LinuxTargetPlatform' loaded TargetPlatform 'Linux'
[2022.04.06-22.57.06:524][  0]LogTemp: Display: Module 'LuminTargetPlatform' loaded TargetPlatform 'Lumin'
[2022.04.06-22.57.06:524][  0]LogTemp: Display: Module 'LuminTargetPlatform' loaded TargetPlatform 'LuminClient'
[2022.04.06-22.57.06:524][  0]LogTargetPlatformManager: Display: Building Assets For Windows
[2022.04.06-22.57.06:531][  0]LogAudioDebug: Display: Lib vorbis DLL was dynamically loaded.
[2022.04.06-22.57.06:565][  0]LogShaderCompilers: Guid format shader working directory is -4 characters bigger than the processId version (D:/Gamedev/UE Projects/UE5_001/UE5_FLAME/FlameRPG/Intermediate/Shaders/WorkingDirectory/52096/).
[2022.04.06-22.57.06:565][  0]LogShaderCompilers: Cleaned the shader compiler working directory 'C:/Users/kamil/AppData/Local/Temp/UnrealShaderWorkingDir/6856F9F4447D2658F323A78FFF7C02B5/'.
[2022.04.06-22.57.06:567][  0]LogXGEController: Cleaning working directory: C:/Users/kamil/AppData/Local/Temp/UnrealXGEWorkingDir/
[2022.04.06-22.57.06:567][  0]LogXGEController: Cannot use XGE Controller as Incredibuild is not installed on this machine.
[2022.04.06-22.57.06:567][  0]LogShaderCompilers: Cannot use XGE Shader Compiler as Incredibuild is not installed on this machine.
[2022.04.06-22.57.06:567][  0]LogShaderCompilers: Display: Using Local Shader Compiler.
[2022.04.06-22.57.06:973][  0]LogDerivedDataCache: Display: Max Cache Size: 512 MB
[2022.04.06-22.57.07:004][  0]LogDerivedDataCache: Loaded boot cache 0.03s 81MB C:/Users/kamil/AppData/Local/UnrealEngine/4.23/DerivedDataCache/Boot.ddc.
[2022.04.06-22.57.07:004][  0]LogDerivedDataCache: Display: Loaded Boot cache: C:/Users/kamil/AppData/Local/UnrealEngine/4.23/DerivedDataCache/Boot.ddc
[2022.04.06-22.57.07:004][  0]LogDerivedDataCache: FDerivedDataBackendGraph:  Pak pak cache file D:/Gamedev/UE Projects/UE5_001/UE5_FLAME/FlameRPG/DerivedDataCache/DDC.ddp not found, will not use a pak cache.
[2022.04.06-22.57.07:004][  0]LogDerivedDataCache: Unable to find inner node Pak for hierarchical cache Hierarchy.
[2022.04.06-22.57.07:004][  0]LogDerivedDataCache: FDerivedDataBackendGraph:  CompressedPak pak cache file D:/Gamedev/UE Projects/UE5_001/UE5_FLAME/FlameRPG/DerivedDataCache/Compressed.ddp not found, will not use a pak cache.
[2022.04.06-22.57.07:004][  0]LogDerivedDataCache: Unable to find inner node CompressedPak for hierarchical cache Hierarchy.
[2022.04.06-22.57.07:013][  0]LogDerivedDataCache: Display: Pak cache opened for reading ../../../Engine/DerivedDataCache/Compressed.ddp.
[2022.04.06-22.57.07:013][  0]LogDerivedDataCache: FDerivedDataBackendGraph:  EnterprisePak pak cache file ../../../Enterprise/DerivedDataCache/Compressed.ddp not found, will not use a pak cache.
[2022.04.06-22.57.07:013][  0]LogDerivedDataCache: Unable to find inner node EnterprisePak for hierarchical cache Hierarchy.
[2022.04.06-22.57.07:014][  0]LogDerivedDataCache: Using Local data cache path C:/Users/kamil/AppData/Local/UnrealEngine/Common/DerivedDataCache: Writable
[2022.04.06-22.57.07:014][  0]LogDerivedDataCache: Shared data cache path not found in *engine.ini, will not use an Shared cache.
[2022.04.06-22.57.07:014][  0]LogDerivedDataCache: Unable to find inner node Shared for hierarchical cache Hierarchy.
[2022.04.06-22.57.07:028][  0]LogMaterial: Verifying Global Shaders for PCD3D_SM5
[2022.04.06-22.57.07:030][  0]LogSlate: Using FreeType 2.6.0
[2022.04.06-22.57.07:030][  0]LogSlate: SlateFontServices - WITH_FREETYPE: 1, WITH_HARFBUZZ: 1
[2022.04.06-22.57.07:067][  0]LogAssetRegistry: FAssetRegistry took 0.0021 seconds to start up
[2022.04.06-22.57.07:241][  0]LogInit: Selected Device Profile: [Windows]
[2022.04.06-22.57.07:335][  0]LogMeshReduction: Using QuadricMeshReduction for automatic static mesh reduction
[2022.04.06-22.57.07:335][  0]LogMeshReduction: Using SimplygonMeshReduction for automatic skeletal mesh reduction
[2022.04.06-22.57.07:335][  0]LogMeshReduction: Using ProxyLODMeshReduction for automatic mesh merging
[2022.04.06-22.57.07:335][  0]LogMeshReduction: No distributed automatic mesh merging module available
[2022.04.06-22.57.07:335][  0]LogMeshMerging: No distributed automatic mesh merging module available
[2022.04.06-22.57.07:342][  0]LogNetVersion: FlameRPG 1.0.0, NetCL: 8386587, EngineNetVer: 11, GameNetVer: 0 (Checksum: 783474443)
[2022.04.06-22.57.07:580][  0]LogPackageLocalizationCache: Processed 12 localized package path(s) for 1 prioritized culture(s) in 0.020721 seconds
[2022.04.06-22.57.07:584][  0]LogUObjectArray: 43444 objects as part of root set at end of initial load.
[2022.04.06-22.57.07:584][  0]LogUObjectAllocator: 7548648 out of 0 bytes used by permanent object pool.
[2022.04.06-22.57.07:584][  0]LogUObjectArray: CloseDisregardForGC: 0/0 objects in disregard for GC pool
[2022.04.06-22.57.08:108][  0]LogTcpMessaging: Initializing TcpMessaging bridge
[2022.04.06-22.57.08:109][  0]LogUdpMessaging: Initializing bridge on interface 0.0.0.0:0 to multicast group 230.0.0.1:6666.
[2022.04.06-22.57.08:266][  0]SourceControl: Source control is disabled
[2022.04.06-22.57.08:267][  0]SourceControl: Source control is disabled
[2022.04.06-22.57.08:267][  0]SourceControl: Source control is disabled
[2022.04.06-22.57.08:268][  0]SourceControl: Source control is disabled
[2022.04.06-22.57.08:318][  0]LogAndroidPermission: UAndroidPermissionCallbackProxy::GetInstance
[2022.04.06-22.57.08:382][  0]LogOcInput: OculusInput pre-init called
[2022.04.06-22.57.08:386][  0]LogWindows: Failed to load 'OVRPlugin.dll' (GetLastError=126)
[2022.04.06-22.57.08:387][  0]LogWindows: File 'OVRPlugin.dll' does not exist
[2022.04.06-22.57.08:442][  0]LogEngine: Initializing Engine...
[2022.04.06-22.57.08:442][  0]LogHMD: Failed to initialize OpenVR with code 110
[2022.04.06-22.57.08:443][  0]LogStats: UGameplayTagsManager::InitializeManager -  0.000 s
[2022.04.06-22.57.08:573][  0]LogInit: Initializing FReadOnlyCVARCache
[2022.04.06-22.57.08:584][  0]LogAIModule: Creating AISystem for world Untitled
[2022.04.06-22.57.08:593][  0]LogInit: XAudio2 using 'Q27G2WG4 (NVIDIA High Definition Audio)' : 2 channels at 48 kHz using 16 bits per sample (channel mask 0x3)
[2022.04.06-22.57.08:602][  0]LogInit: FAudioDevice initialized.
[2022.04.06-22.57.08:602][  0]LogNetVersion: Set ProjectVersion to 1.0.0.0. Version Checksum will be recalculated on next use.
[2022.04.06-22.57.08:645][  0]LogDerivedDataCache: Saved boot cache 0.04s 77MB C:/Users/kamil/AppData/Local/UnrealEngine/4.23/DerivedDataCache/Boot.ddc.
[2022.04.06-22.57.08:648][  0]LogInit: Texture streaming: Enabled
[2022.04.06-22.57.08:662][  0]LogEngineSessionManager: EngineSessionManager initialized
[2022.04.06-22.57.08:662][  0]LogEditorSessionSummary: Verbose: Initializing EditorSessionSummaryWriter for editor session tracking
[2022.04.06-22.57.08:663][  0]LogEditorSessionSummary: EditorSessionSummaryWriter initialized
[2022.04.06-22.57.08:692][  0]LogInit: Transaction tracking system initialized
[2022.04.06-22.57.08:713][  0]BlueprintLog: New page: Editor Load
[2022.04.06-22.57.08:763][  0]LocalizationService: Localization service is disabled
[2022.04.06-22.57.08:898][  0]LogFileCache: Scanning file cache for directory 'D:/Gamedev/UE Projects/UE5_001/UE5_FLAME/FlameRPG/Content/' took 0.00s
[2022.04.06-22.57.08:898][  0]LogCook: Display: Max memory allowance for cook 16384mb min free memory 0mb
[2022.04.06-22.57.08:898][  0]LogCook: Display: Mobile HDR setting 1
[2022.04.06-22.57.09:022][  0]SourceControl: Source control is disabled
[2022.04.06-22.57.09:022][  0]Cmd: MAP LOAD FILE="D:/Gamedev/UE Projects/UE5_001/UE5_FLAME/FlameRPG/Content/ThirdPersonCPP/Maps/ThirdPersonExampleMap.umap" TEMPLATE=0 SHOWPROGRESS=1 FEATURELEVEL=3
[2022.04.06-22.57.09:022][  0]LightingResults: New page: Lighting Build
[2022.04.06-22.57.09:024][  0]LogWorld: UWorld::CleanupWorld for Untitled, bSessionEnded=true, bCleanupResources=true
[2022.04.06-22.57.09:024][  0]MapCheck: New page: Map Check
[2022.04.06-22.57.09:024][  0]LightingResults: New page: Lighting Build
[2022.04.06-22.57.09:045][  0]LogUObjectHash: Compacting FUObjectHashTables data took   1.48ms
[2022.04.06-22.57.09:097][  0]LogAIModule: Creating AISystem for world ThirdPersonExampleMap
[2022.04.06-22.57.09:103][  0]LogEditorServer: Finished looking for orphan Actors (0.000 secs)
[2022.04.06-22.57.09:124][  0]LogUObjectHash: Compacting FUObjectHashTables data took   1.40ms
[2022.04.06-22.57.09:124][  0]Cmd: MAP CHECKDEP NOCLEARLOG
[2022.04.06-22.57.09:124][  0]MapCheck: Map check complete: 0 Error(s), 0 Warning(s), took 0.075ms to complete.
[2022.04.06-22.57.09:124][  0]LogFileHelpers: Loading map 'ThirdPersonExampleMap' took 0.102
[2022.04.06-22.57.09:210][  0]LogSlate: Updating window title bar state: overlay mode, drag disabled, window buttons hidden, title bar hidden
[2022.04.06-22.57.09:213][  0]LogSlate: Updating window title bar state: overlay mode, drag disabled, window buttons hidden, title bar hidden
[2022.04.06-22.57.09:217][  0]LogSlate: Updating window title bar state: overlay mode, drag disabled, window buttons hidden, title bar hidden
[2022.04.06-22.57.09:221][  0]LogSlate: Updating window title bar state: overlay mode, drag disabled, window buttons hidden, title bar hidden
[2022.04.06-22.57.09:225][  0]LogCollectionManager: Loaded 0 collections in 0.001404 seconds
[2022.04.06-22.57.09:230][  0]LogFileCache: Scanning file cache for directory 'D:/Gamedev/UE Projects/UE5_001/UE5_FLAME/FlameRPG/Saved/Collections/' took 0.00s
[2022.04.06-22.57.09:230][  0]LogFileCache: Scanning file cache for directory 'D:/Gamedev/UE Projects/UE5_001/UE5_FLAME/FlameRPG/Content/Developers/kamil/Collections/' took 0.00s
[2022.04.06-22.57.09:230][  0]LogFileCache: Scanning file cache for directory 'D:/Gamedev/UE Projects/UE5_001/UE5_FLAME/FlameRPG/Content/Collections/' took 0.00s
[2022.04.06-22.57.09:230][  0]LogCollectionManager: Rebuilt the GUID cache for 0 collections in 0.000001 seconds
[2022.04.06-22.57.09:237][  0]LogContentBrowser: Native class hierarchy populated in 0.0069 seconds. Added 2865 classes and 682 folders.
[2022.04.06-22.57.09:242][  0]LogContentBrowser: Native class hierarchy updated for 'WidgetCarousel' in 0.0003 seconds. Added 0 classes and 0 folders.
[2022.04.06-22.57.09:270][  0]LogContentBrowser: Native class hierarchy updated for 'AddContentDialog' in 0.0003 seconds. Added 0 classes and 0 folders.
[2022.04.06-22.57.09:274][  0]LogContentBrowser: Native class hierarchy updated for 'SceneOutliner' in 0.0003 seconds. Added 1 classes and 2 folders.
[2022.04.06-22.57.09:964][  0]LogSlate: Only BGRA pngs, bmps or icos are supported in by External Image Picker
[2022.04.06-22.57.09:995][  0]LogSlate: Took 0.000116 seconds to synchronously load lazily loaded font '../../../Engine/Content/Slate/Fonts/Roboto-Regular.ttf' (155K)
[2022.04.06-22.57.09:996][  0]LogSlate: Took 0.000088 seconds to synchronously load lazily loaded font '../../../Engine/Content/Slate/Fonts/Roboto-Bold.ttf' (160K)
[2022.04.06-22.57.09:999][  0]LogSlate: Took 0.000093 seconds to synchronously load lazily loaded font '../../../Engine/Content/Editor/Slate/Fonts/FontAwesome.ttf' (139K)
[2022.04.06-22.57.10:038][  0]LogRenderer: Reallocating scene render targets to support 1604x816 Format 10 NumSamples 1 (Frame:1).
[2022.04.06-22.57.10:108][  0]LogContentBrowser: Native class hierarchy updated for 'HierarchicalLODOutliner' in 0.0003 seconds. Added 0 classes and 0 folders.
[2022.04.06-22.57.10:108][  0]LogLoad: (Engine Initialization) Total time: 5.04 seconds
[2022.04.06-22.57.10:108][  0]LogLoad: (Engine Initialization) Total Blueprint compile time: 0.00 seconds
[2022.04.06-22.57.10:243][  0]LogAssetRegistry: Asset discovery search completed in 3.1768 seconds
[2022.04.06-22.57.10:245][  0]LogCollectionManager: Rebuilt the object cache for 0 collections in 0.000003 seconds (found 0 objects)
[2022.04.06-22.57.10:245][  0]LogCollectionManager: Fixed up redirectors for 0 collections in 0.000038 seconds (updated 0 objects)
[2022.04.06-22.57.10:246][  0]LogContentStreaming: Texture pool size now 1000 MB
[2022.04.06-22.57.11:797][180]LogSlate: FSceneViewport::OnFocusLost() reason 0
[2022.04.06-22.57.11:855][187]LogSlate: Window 'Message Log' being destroyed
[2022.04.06-22.57.11:858][187]LogSlate: Window 'Message Log' being destroyed
[2022.04.06-22.57.12:729][292]LogSlate: FSceneViewport::OnFocusLost() reason 0
[2022.04.06-22.58.18:187][ 95]LogHotReload: New module detected: UE4Editor-FlameRPG-0002.dll
[2022.04.06-22.58.57:100][301]LogVSAccessor: Warning: Couldn't access Visual Studio
[2022.04.06-22.58.57:103][301]Candidate modules for hot reload:
[2022.04.06-22.58.57:103][301]  FlameRPG
[2022.04.06-22.58.57:103][301]Launching UnrealBuildTool... [C:/Program Files/Epic Games/UE_4.23/Engine/Binaries/DotNET/UnrealBuildTool.exe  -ModuleWithSuffix=FlameRPG,6394 Win64 Development -TargetType=Editor -Project="D:/Gamedev/UE Projects/UE5_001/UE5_FLAME/FlameRPG/FlameRPG.uproject" "D:/Gamedev/UE Projects/UE5_001/UE5_FLAME/FlameRPG/FlameRPG.uproject"  -IgnoreJunk]
[2022.04.06-22.58.57:105][301]Warning: Starting HotReload took  0.0s.
[2022.04.06-22.59.01:796][469]CompilerResultsLog: New page: Compilation - 7 Apr 2022 02:59:01
[2022.04.06-22.59.01:796][469]CompilerResultsLog: Using 'git status' to determine working set for adaptive non-unity build (D:\Gamedev\UE Projects\UE5_001\UE5_FLAME).
[2022.04.06-22.59.01:796][469]CompilerResultsLog: Parsing headers for FlameRPGEditor
[2022.04.06-22.59.01:796][469]CompilerResultsLog:   Running UnrealHeaderTool "D:\Gamedev\UE Projects\UE5_001\UE5_FLAME\FlameRPG\FlameRPG.uproject" "D:\Gamedev\UE Projects\UE5_001\UE5_FLAME\FlameRPG\Intermediate\Build\Win64\FlameRPGEditor\Development\FlameRPGEditor.uhtmanifest" -LogCmds="loginit warning, logexit warning, logdatabase error" -Unattended -WarningsAsErrors -installed
[2022.04.06-22.59.01:796][469]CompilerResultsLog: Reflection code generated for FlameRPGEditor in 3.4313131 seconds
[2022.04.06-22.59.01:796][469]CompilerResultsLog: Using Visual Studio 2019 14.31.31103 toolchain (C:\Program Files\Microsoft Visual Studio\2022\Community\VC\Tools\MSVC\14.31.31103) and Windows 10.0.19041.0 SDK (C:\Program Files (x86)\Windows Kits\10).
[2022.04.06-22.59.01:796][469]CompilerResultsLog: Building 3 actions with 12 processes...
[2022.04.06-22.59.01:796][469]CompilerResultsLog:   [1/3] UE4Editor-FlameRPG-6394.lib
[2022.04.06-22.59.01:796][469]CompilerResultsLog:      Creating library D:\Gamedev\UE Projects\UE5_001\UE5_FLAME\FlameRPG\Intermediate\Build\Win64\UE4Editor\Development\FlameRPG\UE4Editor-FlameRPG-6394.lib and object D:\Gamedev\UE Projects\UE5_001\UE5_FLAME\FlameRPG\Intermediate\Build\Win64\UE4Editor\Development\FlameRPG\UE4Editor-FlameRPG-6394.exp
[2022.04.06-22.59.01:796][469]CompilerResultsLog:   [2/3] UE4Editor-FlameRPG-6394.dll
[2022.04.06-22.59.01:796][469]CompilerResultsLog:      Creating library D:\Gamedev\UE Projects\UE5_001\UE5_FLAME\FlameRPG\Intermediate\Build\Win64\UE4Editor\Development\FlameRPG\UE4Editor-FlameRPG-6394.suppressed.lib and object D:\Gamedev\UE Projects\UE5_001\UE5_FLAME\FlameRPG\Intermediate\Build\Win64\UE4Editor\Development\FlameRPG\UE4Editor-FlameRPG-6394.suppressed.exp
[2022.04.06-22.59.01:796][469]CompilerResultsLog: Error:   FlameRPGCharacter.cpp.obj : error LNK2019: unresolved external symbol "__declspec(dllimport) public: static void __cdecl UHeadMountedDisplayFunctionLibrary::ResetOrientationAndPosition(float,enum EOrientPositionSelector::Type)" (__imp_?ResetOrientationAndPosition@UHeadMountedDisplayFunctionLibrary@@SAXMW4Type@EOrientPositionSelector@@@Z) referenced in function "protected: void __cdecl AFlameRPGCharacter::OnResetVR(void)" (?OnResetVR@AFlameRPGCharacter@@IEAAXXZ)
[2022.04.06-22.59.01:796][469]CompilerResultsLog: Error:   D:\Gamedev\UE Projects\UE5_001\UE5_FLAME\FlameRPG\Binaries\Win64\UE4Editor-FlameRPG-6394.dll : fatal error LNK1120: 1 unresolved externals
[2022.04.06-22.59.01:797][469]LogMainFrame: MainFrame: Module compiling took 4.697 seconds
[2022.04.06-22.59.01:797][469]Warning: HotReload failed, recompile failed
[2022.04.06-23.01.10:287][760]LogEditorSessionSummary: EditorSessionSummary sent report. Type=Shutdown, SessionId={CDAEB1AD-4065-7404-4B17-9A9F15B574F5}
