AndroidPlatformFactory.RegisterBuildPlatforms: UnrealBuildTool.AndroidPlatformSDK has no valid SDK
IOSPlatformFactory.RegisterBuildPlatforms: UnrealBuildTool.IOSPlatformSDK has no valid SDK
HTML5PlatformFactory.RegisterBuildPlatforms: UnrealBuildTool.HTML5PlatformSDK using manually installed SDK
LinuxPlatformFactory.RegisterBuildPlatforms: UnrealBuildTool.LinuxPlatformSDK has no valid SDK
WindowsPlatformFactory.RegisterBuildPlatforms: UnrealBuildTool.WindowsPlatformSDK using manually installed SDK
ProjectFileGenerator.GenerateProjectFiles: Discovering modules, targets and source code for project...
WindowsPlatform.FindVSInstallDirs: Found Visual Studio installation: C:\Program Files (x86)\Microsoft Visual Studio\2019\Community (Product=Microsoft.VisualStudio.Product.Community, Version=16.11.32228.343, Sort=0)
WindowsPlatform.FindVSInstallDirs: Found Visual Studio installation: C:\Program Files\Microsoft Visual Studio\2022\Community (Product=Microsoft.VisualStudio.Product.Community, Version=17.1.32319.34, Sort=1)
WindowsPlatform.FindToolChainDirs: Found Visual Studio toolchain: C:\Program Files (x86)\Microsoft Visual Studio\2019\Community\VC\Tools\MSVC\14.29.30133 (Version=14.29.30133)
WindowsPlatform.FindToolChainDirs: Found Visual Studio toolchain: C:\Program Files\Microsoft Visual Studio\2022\Community\VC\Tools\MSVC\14.31.31103 (Version=14.31.31103)
WindowsPlatform.EnumerateSdkRootDirs: Found Windows 10 SDK root at C:\Program Files (x86)\Windows Kits\10 (1)
WindowsPlatform.EnumerateSdkRootDirs: Found Windows 10 SDK root at C:\Program Files (x86)\Windows Kits\10 (2)
WindowsPlatform.UpdateCachedWindowsSdks: Found Windows 10 SDK version 10.0.17763.0 at C:\Program Files (x86)\Windows Kits\10
WindowsPlatform.UpdateCachedWindowsSdks: Found Universal CRT version 10.0.17763.0 at C:\Program Files (x86)\Windows Kits\10
WindowsPlatform.UpdateCachedWindowsSdks: Found Windows 10 SDK version 10.0.19041.0 at C:\Program Files (x86)\Windows Kits\10
WindowsPlatform.UpdateCachedWindowsSdks: Found Universal CRT version 10.0.19041.0 at C:\Program Files (x86)\Windows Kits\10
DynamicCompilation.RequiresCompilation: Compiling D:\Gamedev\UE Projects\UE5_001\UE5_FLAME\FlameRPG\Intermediate\Build\BuildRules\FlameRPGModuleRules.dll: Added source file (D:\Gamedev\UE Projects\UE5_001\UE5_FLAME\FlameRPG\Intermediate\Build\BuildRules\FlameRPGModuleRulesSourceFiles.txt)
Log.PushStatus: Binding IntelliSense data...
ProgressWriter.Write: @progress 'Binding IntelliSense data...' 0%
UEBuildTarget.AddPlugin: Enabling plugin 'Paper2D' (referenced via default plugins)
UEBuildTarget.AddPlugin: Enabling plugin 'AISupport' (referenced via default plugins)
UEBuildTarget.AddPlugin: Enabling plugin 'LightPropagationVolume' (referenced via default plugins)
UEBuildTarget.AddPlugin: Enabling plugin 'ActorLayerUtilities' (referenced via default plugins)
UEBuildTarget.AddPlugin: Enabling plugin 'AnimationSharing' (referenced via default plugins)
UEBuildTarget.AddPlugin: Enabling plugin 'SignificanceManager' (referenced via default plugins -> AnimationSharing.uplugin)
UEBuildTarget.AddPlugin: Enabling plugin 'CLionSourceCodeAccess' (referenced via default plugins)
UEBuildTarget.AddPlugin: Enabling plugin 'CodeLiteSourceCodeAccess' (referenced via default plugins)
UEBuildTarget.AddPlugin: Enabling plugin 'GitSourceControl' (referenced via default plugins)
UEBuildTarget.AddPlugin: Enabling plugin 'KDevelopSourceCodeAccess' (referenced via default plugins)
UEBuildTarget.AddPlugin: Enabling plugin 'NullSourceCodeAccess' (referenced via default plugins)
UEBuildTarget.AddPlugin: Enabling plugin 'PerforceSourceControl' (referenced via default plugins)
UEBuildTarget.AddPlugin: Enabling plugin 'SubversionSourceControl' (referenced via default plugins)
UEBuildTarget.AddPlugin: Enabling plugin 'UObjectPlugin' (referenced via default plugins)
UEBuildTarget.AddPlugin: Enabling plugin 'VisualStudioCodeSourceCodeAccess' (referenced via default plugins)
UEBuildTarget.AddPlugin: Enabling plugin 'VisualStudioSourceCodeAccess' (referenced via default plugins)
UEBuildTarget.AddPlugin: Enabling plugin 'XCodeSourceCodeAccess' (referenced via default plugins)
UEBuildTarget.AddPlugin: Enabling plugin 'AssetManagerEditor' (referenced via default plugins)
UEBuildTarget.AddPlugin: Enabling plugin 'CryptoKeys' (referenced via default plugins)
UEBuildTarget.AddPlugin: Enabling plugin 'CurveEditorTools' (referenced via default plugins)
UEBuildTarget.AddPlugin: Enabling plugin 'DataValidation' (referenced via default plugins)
UEBuildTarget.AddPlugin: Enabling plugin 'FacialAnimation' (referenced via default plugins)
UEBuildTarget.AddPlugin: Enabling plugin 'GameplayTagsEditor' (referenced via default plugins)
UEBuildTarget.AddPlugin: Enabling plugin 'MacGraphicsSwitching' (referenced via default plugins)
UEBuildTarget.AddPlugin: Enabling plugin 'MaterialAnalyzer' (referenced via default plugins)
UEBuildTarget.AddPlugin: Enabling plugin 'MobileLauncherProfileWizard' (referenced via default plugins)
UEBuildTarget.AddPlugin: Enabling plugin 'PluginBrowser' (referenced via default plugins)
UEBuildTarget.AddPlugin: Enabling plugin 'SpeedTreeImporter' (referenced via default plugins)
UEBuildTarget.AddPlugin: Enabling plugin 'DatasmithContent' (referenced via default plugins)
UEBuildTarget.AddPlugin: Enabling plugin 'VariantManagerContent' (referenced via default plugins)
UEBuildTarget.AddPlugin: Enabling plugin 'AlembicImporter' (referenced via default plugins)
UEBuildTarget.AddPlugin: Enabling plugin 'GeometryCache' (referenced via default plugins -> AlembicImporter.uplugin)
UEBuildTarget.AddPlugin: Enabling plugin 'AutomationUtils' (referenced via default plugins)
UEBuildTarget.AddPlugin: Enabling plugin 'ScreenshotTools' (referenced via default plugins -> AutomationUtils.uplugin)
UEBuildTarget.AddPlugin: Enabling plugin 'BackChannel' (referenced via default plugins)
UEBuildTarget.AddPlugin: Enabling plugin 'CharacterAI' (referenced via default plugins)
UEBuildTarget.AddPlugin: Enabling plugin 'HTML5Networking' (referenced via default plugins)
UEBuildTarget.AddPlugin: Enabling plugin 'PlatformCrypto' (referenced via default plugins)
UEBuildTarget.AddPlugin: Enabling plugin 'ProxyLODPlugin' (referenced via default plugins)
UEBuildTarget.AddPlugin: Enabling plugin 'SkeletalReduction' (referenced via default plugins)
UEBuildTarget.AddPlugin: Enabling plugin 'MagicLeapMedia' (referenced via default plugins)
UEBuildTarget.AddPlugin: Enabling plugin 'MagicLeap' (referenced via default plugins -> MagicLeapMedia.uplugin)
UEBuildTarget.AddPlugin: Enabling plugin 'ProceduralMeshComponent' (referenced via default plugins -> MagicLeapMedia.uplugin -> MagicLeap.uplugin)
UEBuildTarget.AddPlugin: Enabling plugin 'AndroidMedia' (referenced via default plugins)
UEBuildTarget.AddPlugin: Enabling plugin 'AvfMedia' (referenced via default plugins)
UEBuildTarget.AddPlugin: Enabling plugin 'ImgMedia' (referenced via default plugins)
UEBuildTarget.AddPlugin: Enabling plugin 'MediaCompositing' (referenced via default plugins)
UEBuildTarget.AddPlugin: Enabling plugin 'MediaPlayerEditor' (referenced via default plugins)
UEBuildTarget.AddPlugin: Enabling plugin 'WmfMedia' (referenced via default plugins)
UEBuildTarget.AddPlugin: Enabling plugin 'TcpMessaging' (referenced via default plugins)
UEBuildTarget.AddPlugin: Enabling plugin 'UdpMessaging' (referenced via default plugins)
UEBuildTarget.AddPlugin: Enabling plugin 'ActorSequence' (referenced via default plugins)
UEBuildTarget.AddPlugin: Enabling plugin 'LevelSequenceEditor' (referenced via default plugins)
UEBuildTarget.AddPlugin: Enabling plugin 'MatineeToLevelSequence' (referenced via default plugins)
UEBuildTarget.AddPlugin: Enabling plugin 'NetcodeUnitTest' (referenced via default plugins)
UEBuildTarget.AddPlugin: Enabling plugin 'NUTUnrealEngine4' (referenced via default plugins)
UEBuildTarget.AddPlugin: Enabling plugin 'OnlineSubsystemGooglePlay' (referenced via default plugins)
UEBuildTarget.AddPlugin: Enabling plugin 'OnlineSubsystem' (referenced via default plugins -> OnlineSubsystemGooglePlay.uplugin)
UEBuildTarget.AddPlugin: Enabling plugin 'AndroidPermission' (referenced via default plugins -> OnlineSubsystemGooglePlay.uplugin)
UEBuildTarget.AddPlugin: Enabling plugin 'OnlineSubsystemIOS' (referenced via default plugins)
UEBuildTarget.AddPlugin: Enabling plugin 'OnlineSubsystemNull' (referenced via default plugins)
UEBuildTarget.AddPlugin: Enabling plugin 'OnlineSubsystemUtils' (referenced via default plugins -> OnlineSubsystemNull.uplugin)
UEBuildTarget.AddPlugin: Enabling plugin 'LauncherChunkInstaller' (referenced via default plugins)
UEBuildTarget.AddPlugin: Enabling plugin 'AndroidDeviceProfileSelector' (referenced via default plugins)
UEBuildTarget.AddPlugin: Enabling plugin 'AndroidMoviePlayer' (referenced via default plugins)
UEBuildTarget.AddPlugin: Enabling plugin 'AppleImageUtils' (referenced via default plugins)
UEBuildTarget.AddPlugin: Enabling plugin 'AppleMoviePlayer' (referenced via default plugins)
UEBuildTarget.AddPlugin: Enabling plugin 'ArchVisCharacter' (referenced via default plugins)
UEBuildTarget.AddPlugin: Enabling plugin 'AudioCapture' (referenced via default plugins)
UEBuildTarget.AddPlugin: Enabling plugin 'CableComponent' (referenced via default plugins)
UEBuildTarget.AddPlugin: Enabling plugin 'CustomMeshComponent' (referenced via default plugins)
UEBuildTarget.AddPlugin: Enabling plugin 'EditableMesh' (referenced via default plugins)
UEBuildTarget.AddPlugin: Enabling plugin 'ExampleDeviceProfileSelector' (referenced via default plugins)
UEBuildTarget.AddPlugin: Enabling plugin 'GoogleCloudMessaging' (referenced via default plugins)
UEBuildTarget.AddPlugin: Enabling plugin 'IOSDeviceProfileSelector' (referenced via default plugins)
UEBuildTarget.AddPlugin: Enabling plugin 'LinuxDeviceProfileSelector' (referenced via default plugins)
UEBuildTarget.AddPlugin: Enabling plugin 'LocationServicesBPLibrary' (referenced via default plugins)
UEBuildTarget.AddPlugin: Enabling plugin 'MobilePatchingUtils' (referenced via default plugins)
UEBuildTarget.AddPlugin: Enabling plugin 'OculusVR' (referenced via default plugins)
UEBuildTarget.AddPlugin: Enabling plugin 'PhysXVehicles' (referenced via default plugins)
UEBuildTarget.AddPlugin: Enabling plugin 'RuntimePhysXCooking' (referenced via default plugins)
UEBuildTarget.AddPlugin: Enabling plugin 'SteamVR' (referenced via default plugins)
UEBuildTarget.AddPlugin: Enabling plugin 'WebMMoviePlayer' (referenced via default plugins)
UEBuildTarget.AddPlugin: Enabling plugin 'WebMMedia' (referenced via default plugins -> WebMMoviePlayer.uplugin)
UEBuildTarget.AddPlugin: Enabling plugin 'WindowsMoviePlayer' (referenced via default plugins)
VCToolChain..ctor: Compiler: C:\Program Files\Microsoft Visual Studio\2022\Community\VC\Tools\MSVC\14.31.31103\bin\HostX64\x64\cl.exe
VCToolChain..ctor: Linker: C:\Program Files\Microsoft Visual Studio\2022\Community\VC\Tools\MSVC\14.31.31103\bin\HostX64\x64\link.exe
VCToolChain..ctor: Library Manager: C:\Program Files\Microsoft Visual Studio\2022\Community\VC\Tools\MSVC\14.31.31103\bin\HostX64\x64\lib.exe
VCToolChain..ctor: Resource Compiler: C:\Program Files (x86)\Windows Kits\10\bin\10.0.19041.0\x64\rc.exe
ProgressWriter.Write: @progress 'Binding IntelliSense data...' 50%
UEBuildTarget.AddPlugin: Enabling plugin 'RiderLink' (referenced via default plugins)
UEBuildTarget.AddPlugin: Enabling plugin 'Paper2D' (referenced via default plugins)
UEBuildTarget.AddPlugin: Enabling plugin 'AISupport' (referenced via default plugins)
UEBuildTarget.AddPlugin: Enabling plugin 'LightPropagationVolume' (referenced via default plugins)
UEBuildTarget.AddPlugin: Enabling plugin 'ActorLayerUtilities' (referenced via default plugins)
UEBuildTarget.AddPlugin: Enabling plugin 'AnimationSharing' (referenced via default plugins)
UEBuildTarget.AddPlugin: Enabling plugin 'SignificanceManager' (referenced via default plugins -> AnimationSharing.uplugin)
UEBuildTarget.AddPlugin: Enabling plugin 'CLionSourceCodeAccess' (referenced via default plugins)
UEBuildTarget.AddPlugin: Enabling plugin 'CodeLiteSourceCodeAccess' (referenced via default plugins)
UEBuildTarget.AddPlugin: Enabling plugin 'GitSourceControl' (referenced via default plugins)
UEBuildTarget.AddPlugin: Enabling plugin 'KDevelopSourceCodeAccess' (referenced via default plugins)
UEBuildTarget.AddPlugin: Enabling plugin 'NullSourceCodeAccess' (referenced via default plugins)
UEBuildTarget.AddPlugin: Enabling plugin 'PerforceSourceControl' (referenced via default plugins)
UEBuildTarget.AddPlugin: Enabling plugin 'SubversionSourceControl' (referenced via default plugins)
UEBuildTarget.AddPlugin: Enabling plugin 'UObjectPlugin' (referenced via default plugins)
UEBuildTarget.AddPlugin: Enabling plugin 'VisualStudioCodeSourceCodeAccess' (referenced via default plugins)
UEBuildTarget.AddPlugin: Enabling plugin 'VisualStudioSourceCodeAccess' (referenced via default plugins)
UEBuildTarget.AddPlugin: Enabling plugin 'XCodeSourceCodeAccess' (referenced via default plugins)
UEBuildTarget.AddPlugin: Enabling plugin 'AssetManagerEditor' (referenced via default plugins)
UEBuildTarget.AddPlugin: Enabling plugin 'CryptoKeys' (referenced via default plugins)
UEBuildTarget.AddPlugin: Enabling plugin 'CurveEditorTools' (referenced via default plugins)
UEBuildTarget.AddPlugin: Enabling plugin 'DataValidation' (referenced via default plugins)
UEBuildTarget.AddPlugin: Enabling plugin 'FacialAnimation' (referenced via default plugins)
UEBuildTarget.AddPlugin: Enabling plugin 'GameplayTagsEditor' (referenced via default plugins)
UEBuildTarget.AddPlugin: Enabling plugin 'MacGraphicsSwitching' (referenced via default plugins)
UEBuildTarget.AddPlugin: Enabling plugin 'MaterialAnalyzer' (referenced via default plugins)
UEBuildTarget.AddPlugin: Enabling plugin 'MobileLauncherProfileWizard' (referenced via default plugins)
UEBuildTarget.AddPlugin: Enabling plugin 'PluginBrowser' (referenced via default plugins)
UEBuildTarget.AddPlugin: Enabling plugin 'SpeedTreeImporter' (referenced via default plugins)
UEBuildTarget.AddPlugin: Enabling plugin 'DatasmithContent' (referenced via default plugins)
UEBuildTarget.AddPlugin: Enabling plugin 'VariantManagerContent' (referenced via default plugins)
UEBuildTarget.AddPlugin: Enabling plugin 'AlembicImporter' (referenced via default plugins)
UEBuildTarget.AddPlugin: Enabling plugin 'GeometryCache' (referenced via default plugins -> AlembicImporter.uplugin)
UEBuildTarget.AddPlugin: Enabling plugin 'AutomationUtils' (referenced via default plugins)
UEBuildTarget.AddPlugin: Enabling plugin 'ScreenshotTools' (referenced via default plugins -> AutomationUtils.uplugin)
UEBuildTarget.AddPlugin: Enabling plugin 'BackChannel' (referenced via default plugins)
UEBuildTarget.AddPlugin: Enabling plugin 'CharacterAI' (referenced via default plugins)
UEBuildTarget.AddPlugin: Enabling plugin 'HTML5Networking' (referenced via default plugins)
UEBuildTarget.AddPlugin: Enabling plugin 'PlatformCrypto' (referenced via default plugins)
UEBuildTarget.AddPlugin: Enabling plugin 'ProxyLODPlugin' (referenced via default plugins)
UEBuildTarget.AddPlugin: Enabling plugin 'SkeletalReduction' (referenced via default plugins)
UEBuildTarget.AddPlugin: Enabling plugin 'MagicLeapMedia' (referenced via default plugins)
UEBuildTarget.AddPlugin: Enabling plugin 'MagicLeap' (referenced via default plugins -> MagicLeapMedia.uplugin)
UEBuildTarget.AddPlugin: Enabling plugin 'ProceduralMeshComponent' (referenced via default plugins -> MagicLeapMedia.uplugin -> MagicLeap.uplugin)
UEBuildTarget.AddPlugin: Enabling plugin 'AndroidMedia' (referenced via default plugins)
UEBuildTarget.AddPlugin: Enabling plugin 'AvfMedia' (referenced via default plugins)
UEBuildTarget.AddPlugin: Enabling plugin 'ImgMedia' (referenced via default plugins)
UEBuildTarget.AddPlugin: Enabling plugin 'MediaCompositing' (referenced via default plugins)
UEBuildTarget.AddPlugin: Enabling plugin 'MediaPlayerEditor' (referenced via default plugins)
UEBuildTarget.AddPlugin: Enabling plugin 'WmfMedia' (referenced via default plugins)
UEBuildTarget.AddPlugin: Enabling plugin 'TcpMessaging' (referenced via default plugins)
UEBuildTarget.AddPlugin: Enabling plugin 'UdpMessaging' (referenced via default plugins)
UEBuildTarget.AddPlugin: Enabling plugin 'ActorSequence' (referenced via default plugins)
UEBuildTarget.AddPlugin: Enabling plugin 'LevelSequenceEditor' (referenced via default plugins)
UEBuildTarget.AddPlugin: Enabling plugin 'MatineeToLevelSequence' (referenced via default plugins)
UEBuildTarget.AddPlugin: Enabling plugin 'NetcodeUnitTest' (referenced via default plugins)
UEBuildTarget.AddPlugin: Enabling plugin 'NUTUnrealEngine4' (referenced via default plugins)
UEBuildTarget.AddPlugin: Enabling plugin 'OnlineSubsystemGooglePlay' (referenced via default plugins)
UEBuildTarget.AddPlugin: Enabling plugin 'OnlineSubsystem' (referenced via default plugins -> OnlineSubsystemGooglePlay.uplugin)
UEBuildTarget.AddPlugin: Enabling plugin 'AndroidPermission' (referenced via default plugins -> OnlineSubsystemGooglePlay.uplugin)
UEBuildTarget.AddPlugin: Enabling plugin 'OnlineSubsystemIOS' (referenced via default plugins)
UEBuildTarget.AddPlugin: Enabling plugin 'OnlineSubsystemNull' (referenced via default plugins)
UEBuildTarget.AddPlugin: Enabling plugin 'OnlineSubsystemUtils' (referenced via default plugins -> OnlineSubsystemNull.uplugin)
UEBuildTarget.AddPlugin: Enabling plugin 'LauncherChunkInstaller' (referenced via default plugins)
UEBuildTarget.AddPlugin: Enabling plugin 'AndroidDeviceProfileSelector' (referenced via default plugins)
UEBuildTarget.AddPlugin: Enabling plugin 'AndroidMoviePlayer' (referenced via default plugins)
UEBuildTarget.AddPlugin: Enabling plugin 'AppleImageUtils' (referenced via default plugins)
UEBuildTarget.AddPlugin: Enabling plugin 'AppleMoviePlayer' (referenced via default plugins)
UEBuildTarget.AddPlugin: Enabling plugin 'ArchVisCharacter' (referenced via default plugins)
UEBuildTarget.AddPlugin: Enabling plugin 'AudioCapture' (referenced via default plugins)
UEBuildTarget.AddPlugin: Enabling plugin 'CableComponent' (referenced via default plugins)
UEBuildTarget.AddPlugin: Enabling plugin 'CustomMeshComponent' (referenced via default plugins)
UEBuildTarget.AddPlugin: Enabling plugin 'EditableMesh' (referenced via default plugins)
UEBuildTarget.AddPlugin: Enabling plugin 'ExampleDeviceProfileSelector' (referenced via default plugins)
UEBuildTarget.AddPlugin: Enabling plugin 'GoogleCloudMessaging' (referenced via default plugins)
UEBuildTarget.AddPlugin: Enabling plugin 'IOSDeviceProfileSelector' (referenced via default plugins)
UEBuildTarget.AddPlugin: Enabling plugin 'LinuxDeviceProfileSelector' (referenced via default plugins)
UEBuildTarget.AddPlugin: Enabling plugin 'LocationServicesBPLibrary' (referenced via default plugins)
UEBuildTarget.AddPlugin: Enabling plugin 'MobilePatchingUtils' (referenced via default plugins)
UEBuildTarget.AddPlugin: Enabling plugin 'OculusVR' (referenced via default plugins)
UEBuildTarget.AddPlugin: Enabling plugin 'PhysXVehicles' (referenced via default plugins)
UEBuildTarget.AddPlugin: Enabling plugin 'RuntimePhysXCooking' (referenced via default plugins)
UEBuildTarget.AddPlugin: Enabling plugin 'SteamVR' (referenced via default plugins)
UEBuildTarget.AddPlugin: Enabling plugin 'WebMMoviePlayer' (referenced via default plugins)
UEBuildTarget.AddPlugin: Enabling plugin 'WebMMedia' (referenced via default plugins -> WebMMoviePlayer.uplugin)
UEBuildTarget.AddPlugin: Enabling plugin 'WindowsMoviePlayer' (referenced via default plugins)
VCToolChain..ctor: Compiler: C:\Program Files\Microsoft Visual Studio\2022\Community\VC\Tools\MSVC\14.31.31103\bin\HostX64\x64\cl.exe
VCToolChain..ctor: Linker: C:\Program Files\Microsoft Visual Studio\2022\Community\VC\Tools\MSVC\14.31.31103\bin\HostX64\x64\link.exe
VCToolChain..ctor: Library Manager: C:\Program Files\Microsoft Visual Studio\2022\Community\VC\Tools\MSVC\14.31.31103\bin\HostX64\x64\lib.exe
VCToolChain..ctor: Resource Compiler: C:\Program Files (x86)\Windows Kits\10\bin\10.0.19041.0\x64\rc.exe
ProgressWriter.Write: @progress 'Binding IntelliSense data...' 100%
Log.PushStatus: Writing project files...
ProgressWriter.Write: @progress 'Writing project files...' 0%
ProgressWriter.Write: @progress 'Writing project files...' 33%
ProgressWriter.Write: @progress 'Writing project files...' 67%
ProgressWriter.Write: @progress 'Writing project files...' 100%
Timeline.Print: Timeline:
Timeline.Print: 
Timeline.Print: [ 0.000]
Timeline.Print: [ 0.000](+0.024) <unknown>
Timeline.Print: [ 0.024](+0.057) XmlConfig.ReadConfigFiles()
Timeline.Print: [ 0.082](+0.000) SingleInstanceMutex.Acquire()
Timeline.Print: [ 0.082](+0.055) UEBuildPlatform.RegisterPlatforms()
Timeline.Print:   0.082          [ 0.000](+0.025) Initializing InstalledPlatformInfo
Timeline.Print:   0.107          [ 0.025](+0.000) Querying types
Timeline.Print:   0.109          [ 0.027](+0.001) MacPlatformFactory
Timeline.Print:   0.110          [ 0.028](+0.000) TVOSPlatformFactory
Timeline.Print:   0.110          [ 0.028](+0.007) AndroidPlatformFactory
Timeline.Print:   0.118          [ 0.036](+0.000) HoloLensPlatformFactory
Timeline.Print:   0.118          [ 0.036](+0.009) IOSPlatformFactory
Timeline.Print:   0.128          [ 0.046](+0.004) HTML5PlatformFactory
Timeline.Print:   0.133          [ 0.050](+0.002) LinuxPlatformFactory
Timeline.Print:   0.135          [ 0.052](+0.000) LuminPlatformFactory
Timeline.Print:   0.135          [ 0.053](+0.002) WindowsPlatformFactory
Timeline.Print: [ 0.137](+0.291) <unknown>
Timeline.Print: [ 0.429](+0.001) Finding engine modules
Timeline.Print: [ 0.430](+0.002) Finding plugin modules
Timeline.Print: [ 0.432](+0.030) <unknown>
Timeline.Print: [ 0.463](+0.000) Finding program modules
Timeline.Print: [ 0.463](+0.000) Finding program targets
Timeline.Print: [ 0.463](+0.108) <unknown>
Timeline.Print: [ 0.572](+0.159) Compiling rules assembly (FlameRPGModuleRules.dll)
Timeline.Print: [ 0.731](+0.640) <unknown>
Timeline.Print: [ 1.372](+0.000) RulesCompiler.CreateTargetRulesAssembly()
Timeline.Print: [ 1.372](+0.001) RulesAssembly.CreateTargetRules()
Timeline.Print: [ 1.378](+0.098) UEBuildTarget constructor
Timeline.Print:   1.382          [ 0.003](+0.093) Reading source file metadata cache
Timeline.Print: [ 1.476](+0.785) UEBuildTarget.PreBuildSetup()
Timeline.Print: [ 2.262](+0.488) <unknown>
Timeline.Print: [ 2.750](+0.000) RulesCompiler.CreateTargetRulesAssembly()
Timeline.Print: [ 2.750](+0.001) RulesAssembly.CreateTargetRules()
Timeline.Print: [ 2.753](+0.016) UEBuildTarget constructor
Timeline.Print:   2.753          [ 0.000](+0.016) Reading source file metadata cache
Timeline.Print: [ 2.770](+0.096) UEBuildTarget.PreBuildSetup()
Timeline.Print: [ 2.866](+1.377) <unknown>
Timeline.Print: [ 4.244](+0.000) FileMetadataPrefetch.Stop()
Timeline.Print: [ 4.246]
